Drill report for pcb-solder-rails.kicad_pcb
Created on Mon May 15 23:08:46 2023

Copper Layer Stackup:
    =============================================================
    L1 :  F.Cu                      front
    L2 :  B.Cu                      back


Drill file 'pcb-solder-rails.drl' contains
    plated through holes:
    =============================================================
    T1  0.300mm  0.0118"  (106 holes)
    T2  0.400mm  0.0157"  (223 holes)
    T3  0.600mm  0.0236"  (4 holes)  (with 4 slots)
    T4  1.500mm  0.0591"  (158 holes)

    Total plated holes count 491


Not plated through holes are merged with plated holes
    unplated through holes:
    =============================================================
    T5  0.650mm  0.0256"  (2 holes)
    T6  1.067mm  0.0420"  (3 holes)
    T7  1.750mm  0.0689"  (158 holes)
    T8  2.000mm  0.0787"  (3 holes)
    T9  3.048mm  0.1200"  (14 holes)
    T10  3.988mm  0.1570"  (14 holes)
    T11  4.000mm  0.1575"  (79 holes)

    Total unplated holes count 273
